\BOOKMARK [1][-]{section.1}{Einleitung}{}% 1
\BOOKMARK [1][-]{section.2}{Serverdokumentation}{}% 2
\BOOKMARK [2][-]{subsection.2.1}{Klassenerkl\344rungen}{section.2}% 3
\BOOKMARK [2][-]{subsection.2.2}{Installation}{section.2}% 4
\BOOKMARK [2][-]{subsection.2.3}{Hinzuf\374gen eines neuen Befehls}{section.2}% 5
\BOOKMARK [1][-]{section.3}{Clientdokumentation}{}% 6
\BOOKMARK [2][-]{subsection.3.1}{Klassenerkl\344rungen}{section.3}% 7
\BOOKMARK [3][-]{subsubsection.3.1.1}{Exceptions-Package}{subsection.3.1}% 8
\BOOKMARK [3][-]{subsubsection.3.1.2}{Functions-Package}{subsection.3.1}% 9
\BOOKMARK [3][-]{subsubsection.3.1.3}{GUI-Package}{subsection.3.1}% 10
\BOOKMARK [3][-]{subsubsection.3.1.4}{Utils-Package}{subsection.3.1}% 11
\BOOKMARK [2][-]{subsection.3.2}{Installation}{section.3}% 12
\BOOKMARK [1][-]{section.4}{Funktionsweisen und Abl\344ufe}{}% 13
\BOOKMARK [2][-]{subsection.4.1}{Funktionsweise des Servers}{section.4}% 14
\BOOKMARK [2][-]{subsection.4.2}{Funktionsweise des Clients}{section.4}% 15
\BOOKMARK [2][-]{subsection.4.3}{Ablauf eines Login}{section.4}% 16
\BOOKMARK [2][-]{subsection.4.4}{Ablauf bei Nachrichten \(Serverseitig\)}{section.4}% 17
\BOOKMARK [1][-]{section.5}{Packet Struktur}{}% 18
\BOOKMARK [2][-]{subsection.5.1}{Packetheader}{section.5}% 19
\BOOKMARK [2][-]{subsection.5.2}{Packetpayload}{section.5}% 20
